<?xml version="1.0" encoding="UTF-8"?>
<!-- Generated by org.testng.reporters.JUnitXMLReporter -->
<testsuite ignored="0" hostname="DESKTOP-GTM5910" failures="0" tests="8" name="Test" time="0.201" errors="0" timestamp="2024-04-06T08:27:45 IST">
  <testcase classname="practicetest.Class2_TestNg2" name="method" time="0.015"/>
  <testcase classname="practicetest.Class2_TestNg2" name="method1" time="0.005"/>
  <testcase classname="practicetest.Class2_TestNg2" name="method2" time="0.005"/>
  <testcase classname="practicetest.Class2_TestNg2" name="method3" time="0.007"/>
  <testcase classname="practicetest.Class1_TestNg" name="method" time="0.004"/>
  <testcase classname="practicetest.Class1_TestNg" name="method1" time="0.003"/>
  <testcase classname="practicetest.Class1_TestNg" name="method2" time="0.005"/>
  <testcase classname="practicetest.Class1_TestNg" name="method3" time="0.003"/>
</testsuite> <!-- Test -->
