<?xml version="1.0" encoding="UTF-8"?>
<!-- Generated by org.testng.reporters.JUnitXMLReporter -->
<testsuite ignored="0" hostname="DESKTOP-GTM5910" failures="0" tests="5" name="Practice Test" time="0.031" errors="0" timestamp="2024-04-07T15:58:18 IST">
  <testcase classname="practicetest.Class4_Practice" name="test1" time="0.002"/>
  <testcase classname="practicetest.Class4_Practice" name="test2" time="0.002"/>
  <testcase classname="practicetest.Class4_Practice" name="test3" time="0.003"/>
  <testcase classname="practicetest.Class4_Practice" name="test4" time="0.003"/>
  <testcase classname="practicetest.Class4_Practice" name="test5" time="0.002"/>
</testsuite> <!-- Practice Test -->
