<?xml version="1.0" encoding="UTF-8"?>
<!-- Generated by org.testng.reporters.JUnitXMLReporter -->
<testsuite ignored="2" hostname="DESKTOP-GTM5910" failures="0" tests="8" name="Sanity Test" time="0.118" errors="0" timestamp="2024-04-07T15:58:18 IST">
  <testcase classname="practicetest.Class2_TestNg2" name="method" time="0.009"/>
  <testcase classname="practicetest.Class1_TestNg" name="method3" time="0.002"/>
  <testcase classname="practicetest.Class2_TestNg2" name="method1" time="0.009"/>
  <testcase classname="practicetest.Class1_TestNg" name="method1" time="0.003"/>
  <testcase classname="practicetest.Class2_TestNg2" name="method2" time="0.007"/>
  <testcase classname="practicetest.Class2_TestNg2" name="method2" time="0.009"/>
  <testcase classname="practicetest.Class2_TestNg2" name="method2" time="0.009"/>
  <testcase classname="practicetest.Class2_TestNg2" name="method3" time="0.002"/>
  <testcase classname="practicetest.Class1_TestNg" name="method" time="0.0">
    <ignored/>
  </testcase> <!-- method -->
  <testcase classname="practicetest.Class1_TestNg" name="method2" time="0.0">
    <ignored/>
  </testcase> <!-- method2 -->
</testsuite> <!-- Sanity Test -->
